C51 COMPILER V9.60.7.0   LAB8_3                                                            03/14/2023 16:03:50 PAGE 1   


C51 COMPILER V9.60.7.0, COMPILATION OF MODULE LAB8_3
OBJECT MODULE PLACED IN .\Objects\lab8_3.obj
COMPILER INVOKED BY: E:\Keil_v5\C51\BIN\C51.EXE lab8_3.c OPTIMIZE(8,SPEED) BROWSE DEBUG OBJECTEXTEND PRINT(.\Listings\la
                    -b8_3.lst) TABS(2) OBJECT(.\Objects\lab8_3.obj)

line level    source

   1          #include <at89c5131.h>
   2          #include <lcd.h>
   3          sbit event = P3^4;
   4          sbit SW = P1^0;
   5          
   6          
   7          int count;
   8          long int total_cycles;
   9          long int sec;
  10          long int min;
  11          char time[5];
  12          char count_alp[1];
  13          void timer1_isr () interrupt 1
  14          {
  15   1        count+=1;
  16   1        
  17   1      }
  18          
  19          
  20          void main(void){
  21   1        lcd_init();
  22   1        TMOD = 0x05;
  23   1        SW = 1;
  24   1        event = 1;
  25   1        count = 0;
  26   1        EA = 1;
  27   1        ET0 = 1;
  28   1        TH0 = 0xf0;
  29   1        TL0 = 0x10;
  30   1        while(1){
  31   2          TR0 = SW;
  32   2          if(!TR0)
  33   2            continue;
  34   2          else{
  35   3            total_cycles = 65536*count + 256*TH0 + TL0;
  36   3            sec = total_cycles/60;
  37   3            min = sec/60;
  38   3            sec = sec - min*60;
  39   3            lcd_cmd(0x80);
  40   3            time[0] = min/10 + 48;
  41   3            time[1] = min%10 + 48;
  42   3            time[2] = ':';
  43   3            time[3] = sec/10 + 48;
  44   3            time[4] = sec%10 + 48;
  45   3            lcd_write_string(time);
  46   3            lcd_cmd(0xc0);
  47   3            count_alp[0] = count + 48;
  48   3            lcd_write_string(count_alp);
  49   3          }
  50   2        }
  51   1      }


MODULE INFORMATION:   STATIC OVERLAYABLE
C51 COMPILER V9.60.7.0   LAB8_3                                                            03/14/2023 16:03:50 PAGE 2   

   CODE SIZE        =    492    ----
   CONSTANT SIZE    =   ----    ----
   XDATA SIZE       =   ----    ----
   PDATA SIZE       =   ----    ----
   DATA SIZE        =     20       3
   IDATA SIZE       =   ----    ----
   BIT SIZE         =   ----    ----
END OF MODULE INFORMATION.


C51 COMPILATION COMPLETE.  0 WARNING(S),  0 ERROR(S)
